
Showing logs for build [32mcb-kubecd-environment-pr-204-14-n7rp6-1[0m stage [32mfrom-build-pack[0m and container [32mstep-credential-initializer-dlxpl[0m
{"level":"info","ts":1587113892.7983742,"logger":"fallback-logger","caller":"logging/config.go:69","msg":"Fetch GitHub commit ID from kodata failed: open /var/run/ko/refs/heads/0.8.0-ns-support: no such file or directory"}
{"level":"info","ts":1587113892.8011458,"logger":"fallback-logger","caller":"creds-init/main.go:40","msg":"Credentials initialized."}

Showing logs for build [32mcb-kubecd-environment-pr-204-14-n7rp6-1[0m stage [32mfrom-build-pack[0m and container [32mstep-working-dir-initializer-vcl6k[0m
{"level":"info","ts":1587113893.7857873,"logger":"fallback-logger","caller":"logging/config.go:69","msg":"Fetch GitHub commit ID from kodata failed: open /var/run/ko/HEAD: no such file or directory"}
{"level":"info","ts":1587113893.7896438,"logger":"fallback-logger","caller":"bash/main.go:64","msg":"Successfully executed command \"sh -c mkdir -p /workspace/source\"; output "}

Showing logs for build [32mcb-kubecd-environment-pr-204-14-n7rp6-1[0m stage [32mfrom-build-pack[0m and container [32mstep-place-tools[0m

Showing logs for build [32mcb-kubecd-environment-pr-204-14-n7rp6-1[0m stage [32mfrom-build-pack[0m and container [32mstep-git-source-cb-kubecd-environment-pr-204-14-n7rp6-fkvgm[0m
{"level":"info","ts":1587113899.8768816,"logger":"fallback-logger","caller":"logging/config.go:69","msg":"Fetch GitHub commit ID from kodata failed: open /var/run/ko/refs/heads/0.8.0-ns-support: no such file or directory"}
{"level":"info","ts":1587113901.0317628,"logger":"fallback-logger","caller":"git/git.go:103","msg":"Successfully cloned https://github.com/cb-kubecd/environment-pr-204-14-boot-vault-gke-staging.git @ master in path /workspace/source"}

Showing logs for build [32mcb-kubecd-environment-pr-204-14-n7rp6-1[0m stage [32mfrom-build-pack[0m and container [32mstep-git-merge[0m
Using SHAs from PULL_REFS=master:6f44c4e2fe3a6b33581a60b35bf7b7a79842910b,2:61c75cf6f4b643f57cc67507a41d1fe75f60cb90
DEBUG: LC_ALL=C JX_LOG_LEVEL=error git fetch origin --unshallow 61c75cf6f4b643f57cc67507a41d1fe75f60cb90: 6f44c4e2fe3a6b33581a60b35bf7b7a79842910b:
DEBUG: ran git fetch --unshallow origin 61c75cf6f4b643f57cc67507a41d1fe75f60cb90: 6f44c4e2fe3a6b33581a60b35bf7b7a79842910b: in 
DEBUG: LC_ALL=C JX_LOG_LEVEL=error git branch
DEBUG: LC_ALL=C JX_LOG_LEVEL=error git checkout master
DEBUG: ran git checkout master in 
DEBUG: JX_LOG_LEVEL=error LC_ALL=C git reset --hard 6f44c4e2fe3a6b33581a60b35bf7b7a79842910b
DEBUG: ran git reset --hard 6f44c4e2fe3a6b33581a60b35bf7b7a79842910b in 
DEBUG: LC_ALL=C JX_LOG_LEVEL=error git clean -fd .
DEBUG: ran clean --force -d . in 
DEBUG: LC_ALL=C JX_LOG_LEVEL=error git merge 61c75cf6f4b643f57cc67507a41d1fe75f60cb90
DEBUG: ran git merge 61c75cf6f4b643f57cc67507a41d1fe75f60cb90 in 
DEBUG: LC_ALL=C JX_LOG_LEVEL=error git log --format=%H%x1f%an%x1f%ae%x1f%cn%x1f%ce%x1f%s%n%b%x1e 6f44c4e2fe3a6b33581a60b35bf7b7a79842910b..HEAD
Merged SHA 61c75cf6f4b643f57cc67507a41d1fe75f60cb90 with commit message 'chore: Promote bdd-gh-1587113723 to version 0.0.1' into base branch master

Showing logs for build [32mcb-kubecd-environment-pr-204-14-n7rp6-1[0m stage [32mfrom-build-pack[0m and container [32mstep-build-helm-build[0m
WARNING: No $CHART_REPOSITORY defined so using the default value of: http://jenkins-x-chartmuseum:8080
Adding missing Helm repo: storage.googleapis.com https://storage.googleapis.com/chartmuseum.jenkins-x.io
WARNING: No secrets found on "helm/repos" due: reading the secret "helm/repos" from vault: no secret "helm/repos" not found in vault
Read credentials for https://storage.googleapis.com/chartmuseum.jenkins-x.io from vault helm/repos
Successfully added Helm repository storage.googleapis.com.
Adding missing Helm repo: jenkins-x-chartmuseum http://jenkins-x-chartmuseum:8080
WARNING: No secrets found on "helm/repos" due: reading the secret "helm/repos" from vault: no secret "helm/repos" not found in vault
Read credentials for http://jenkins-x-chartmuseum:8080 from vault helm/repos
Successfully added Helm repository jenkins-x-chartmuseum.
WARNING: No $CHART_REPOSITORY defined so using the default value of: http://jenkins-x-chartmuseum:8080
Adding missing Helm repo: chartmuseum.jenkins-x.io http://chartmuseum.jenkins-x.io
WARNING: No secrets found on "helm/repos" due: reading the secret "helm/repos" from vault: no secret "helm/repos" not found in vault
Read credentials for http://chartmuseum.jenkins-x.io from vault helm/repos
Successfully added Helm repository chartmuseum.jenkins-x.io.
