
Showing logs for build [32mcb-kubecd-environment-pr-204-14-p5k4r-1[0m stage [32mfrom-build-pack[0m and container [32mstep-credential-initializer-4qlnz[0m
{"level":"info","ts":1587112605.928606,"logger":"fallback-logger","caller":"logging/config.go:69","msg":"Fetch GitHub commit ID from kodata failed: open /var/run/ko/refs/heads/0.8.0-ns-support: no such file or directory"}
{"level":"info","ts":1587112605.9298053,"logger":"fallback-logger","caller":"creds-init/main.go:40","msg":"Credentials initialized."}

Showing logs for build [32mcb-kubecd-environment-pr-204-14-p5k4r-1[0m stage [32mfrom-build-pack[0m and container [32mstep-working-dir-initializer-r9gjz[0m
{"level":"info","ts":1587112606.903257,"logger":"fallback-logger","caller":"logging/config.go:69","msg":"Fetch GitHub commit ID from kodata failed: open /var/run/ko/HEAD: no such file or directory"}
{"level":"info","ts":1587112606.906624,"logger":"fallback-logger","caller":"bash/main.go:64","msg":"Successfully executed command \"sh -c mkdir -p /workspace/source\"; output "}

Showing logs for build [32mcb-kubecd-environment-pr-204-14-p5k4r-1[0m stage [32mfrom-build-pack[0m and container [32mstep-place-tools[0m

Showing logs for build [32mcb-kubecd-environment-pr-204-14-p5k4r-1[0m stage [32mfrom-build-pack[0m and container [32mstep-git-source-cb-kubecd-environment-pr-204-14-p5k4r-kqqj7[0m
{"level":"info","ts":1587112611.2007585,"logger":"fallback-logger","caller":"logging/config.go:69","msg":"Fetch GitHub commit ID from kodata failed: open /var/run/ko/refs/heads/0.8.0-ns-support: no such file or directory"}
{"level":"info","ts":1587112612.2604263,"logger":"fallback-logger","caller":"git/git.go:103","msg":"Successfully cloned https://github.com/cb-kubecd/environment-pr-204-14-boot-vault-gke-staging.git @ master in path /workspace/source"}

Showing logs for build [32mcb-kubecd-environment-pr-204-14-p5k4r-1[0m stage [32mfrom-build-pack[0m and container [32mstep-git-merge[0m
Using SHAs from PULL_REFS=master:0ac3687ac5e3337d2e999235a78f867db21d0cac,1:5e5b18be2452117d72551ef99c5476559658cf3a
DEBUG: LC_ALL=C JX_LOG_LEVEL=error git fetch origin --unshallow 5e5b18be2452117d72551ef99c5476559658cf3a: 0ac3687ac5e3337d2e999235a78f867db21d0cac:
DEBUG: ran git fetch --unshallow origin 5e5b18be2452117d72551ef99c5476559658cf3a: 0ac3687ac5e3337d2e999235a78f867db21d0cac: in 
DEBUG: LC_ALL=C JX_LOG_LEVEL=error git branch
DEBUG: LC_ALL=C JX_LOG_LEVEL=error git checkout master
DEBUG: ran git checkout master in 
DEBUG: LC_ALL=C JX_LOG_LEVEL=error git reset --hard 0ac3687ac5e3337d2e999235a78f867db21d0cac
DEBUG: ran git reset --hard 0ac3687ac5e3337d2e999235a78f867db21d0cac in 
DEBUG: LC_ALL=C JX_LOG_LEVEL=error git clean -fd .
DEBUG: ran clean --force -d . in 
DEBUG: LC_ALL=C JX_LOG_LEVEL=error git merge 5e5b18be2452117d72551ef99c5476559658cf3a
DEBUG: ran git merge 5e5b18be2452117d72551ef99c5476559658cf3a in 
DEBUG: LC_ALL=C JX_LOG_LEVEL=error git log --format=%H%x1f%an%x1f%ae%x1f%cn%x1f%ce%x1f%s%n%b%x1e 0ac3687ac5e3337d2e999235a78f867db21d0cac..HEAD
Merged SHA 5e5b18be2452117d72551ef99c5476559658cf3a with commit message 'chore: Promote bdd-spring-1587112219 to version 0.0.1' into base branch master

Showing logs for build [32mcb-kubecd-environment-pr-204-14-p5k4r-1[0m stage [32mfrom-build-pack[0m and container [32mstep-build-helm-build[0m
WARNING: No $CHART_REPOSITORY defined so using the default value of: http://jenkins-x-chartmuseum:8080
Adding missing Helm repo: storage.googleapis.com https://storage.googleapis.com/chartmuseum.jenkins-x.io
WARNING: No secrets found on "helm/repos" due: reading the secret "helm/repos" from vault: no secret "helm/repos" not found in vault
Read credentials for https://storage.googleapis.com/chartmuseum.jenkins-x.io from vault helm/repos
Successfully added Helm repository storage.googleapis.com.
Adding missing Helm repo: jenkins-x-chartmuseum http://jenkins-x-chartmuseum:8080
WARNING: No secrets found on "helm/repos" due: reading the secret "helm/repos" from vault: no secret "helm/repos" not found in vault
Read credentials for http://jenkins-x-chartmuseum:8080 from vault helm/repos
Successfully added Helm repository jenkins-x-chartmuseum.
WARNING: No $CHART_REPOSITORY defined so using the default value of: http://jenkins-x-chartmuseum:8080
Adding missing Helm repo: chartmuseum.jenkins-x.io http://chartmuseum.jenkins-x.io
WARNING: No secrets found on "helm/repos" due: reading the secret "helm/repos" from vault: no secret "helm/repos" not found in vault
Read credentials for http://chartmuseum.jenkins-x.io from vault helm/repos
Successfully added Helm repository chartmuseum.jenkins-x.io.
