
Showing logs for build [32mcb-kubecd-environment-pr-204-14-qxsw7-1[0m stage [32mfrom-build-pack[0m and container [32mstep-credential-initializer-9x7n7[0m
{"level":"info","ts":1587114884.445971,"logger":"fallback-logger","caller":"logging/config.go:69","msg":"Fetch GitHub commit ID from kodata failed: open /var/run/ko/refs/heads/0.8.0-ns-support: no such file or directory"}
{"level":"info","ts":1587114884.4473073,"logger":"fallback-logger","caller":"creds-init/main.go:40","msg":"Credentials initialized."}

Showing logs for build [32mcb-kubecd-environment-pr-204-14-qxsw7-1[0m stage [32mfrom-build-pack[0m and container [32mstep-working-dir-initializer-9f2cg[0m
{"level":"info","ts":1587114885.7761128,"logger":"fallback-logger","caller":"logging/config.go:69","msg":"Fetch GitHub commit ID from kodata failed: open /var/run/ko/HEAD: no such file or directory"}
{"level":"info","ts":1587114885.7782192,"logger":"fallback-logger","caller":"bash/main.go:64","msg":"Successfully executed command \"sh -c mkdir -p /workspace/source\"; output "}

Showing logs for build [32mcb-kubecd-environment-pr-204-14-qxsw7-1[0m stage [32mfrom-build-pack[0m and container [32mstep-place-tools[0m

Showing logs for build [32mcb-kubecd-environment-pr-204-14-qxsw7-1[0m stage [32mfrom-build-pack[0m and container [32mstep-git-source-cb-kubecd-environment-pr-204-14-qxsw7-hmdf4[0m
{"level":"info","ts":1587114888.847577,"logger":"fallback-logger","caller":"logging/config.go:69","msg":"Fetch GitHub commit ID from kodata failed: open /var/run/ko/refs/heads/0.8.0-ns-support: no such file or directory"}
{"level":"info","ts":1587114889.9101856,"logger":"fallback-logger","caller":"git/git.go:103","msg":"Successfully cloned https://github.com/cb-kubecd/environment-pr-204-14-boot-vault-gke-staging.git @ master in path /workspace/source"}

Showing logs for build [32mcb-kubecd-environment-pr-204-14-qxsw7-1[0m stage [32mfrom-build-pack[0m and container [32mstep-git-merge[0m
Using SHAs from PULL_REFS=master:23740b96540aceab32097a957b8dbef2ec02c3af,3:14dd9fa39c02b8737600ad68411b443226e4dd7c
DEBUG: LC_ALL=C JX_LOG_LEVEL=error git fetch origin --unshallow 14dd9fa39c02b8737600ad68411b443226e4dd7c: 23740b96540aceab32097a957b8dbef2ec02c3af:
DEBUG: ran git fetch --unshallow origin 14dd9fa39c02b8737600ad68411b443226e4dd7c: 23740b96540aceab32097a957b8dbef2ec02c3af: in 
DEBUG: LC_ALL=C JX_LOG_LEVEL=error git branch
DEBUG: LC_ALL=C JX_LOG_LEVEL=error git checkout master
DEBUG: ran git checkout master in 
DEBUG: LC_ALL=C JX_LOG_LEVEL=error git reset --hard 23740b96540aceab32097a957b8dbef2ec02c3af
DEBUG: ran git reset --hard 23740b96540aceab32097a957b8dbef2ec02c3af in 
DEBUG: LC_ALL=C JX_LOG_LEVEL=error git clean -fd .
DEBUG: ran clean --force -d . in 
DEBUG: JX_LOG_LEVEL=error LC_ALL=C git merge 14dd9fa39c02b8737600ad68411b443226e4dd7c
DEBUG: ran git merge 14dd9fa39c02b8737600ad68411b443226e4dd7c in 
DEBUG: LC_ALL=C JX_LOG_LEVEL=error git log --format=%H%x1f%an%x1f%ae%x1f%cn%x1f%ce%x1f%s%n%b%x1e 23740b96540aceab32097a957b8dbef2ec02c3af..HEAD
Merged SHA 14dd9fa39c02b8737600ad68411b443226e4dd7c with commit message 'chore: Promote bdd-nh-1587113723 to version 0.0.1' into base branch master

Showing logs for build [32mcb-kubecd-environment-pr-204-14-qxsw7-1[0m stage [32mfrom-build-pack[0m and container [32mstep-build-helm-build[0m
WARNING: No $CHART_REPOSITORY defined so using the default value of: http://jenkins-x-chartmuseum:8080
Adding missing Helm repo: storage.googleapis.com https://storage.googleapis.com/chartmuseum.jenkins-x.io
WARNING: No secrets found on "helm/repos" due: reading the secret "helm/repos" from vault: no secret "helm/repos" not found in vault
Read credentials for https://storage.googleapis.com/chartmuseum.jenkins-x.io from vault helm/repos
Successfully added Helm repository storage.googleapis.com.
Adding missing Helm repo: jenkins-x-chartmuseum http://jenkins-x-chartmuseum:8080
WARNING: No secrets found on "helm/repos" due: reading the secret "helm/repos" from vault: no secret "helm/repos" not found in vault
Read credentials for http://jenkins-x-chartmuseum:8080 from vault helm/repos
Successfully added Helm repository jenkins-x-chartmuseum.
WARNING: No $CHART_REPOSITORY defined so using the default value of: http://jenkins-x-chartmuseum:8080
Adding missing Helm repo: chartmuseum.jenkins-x.io http://chartmuseum.jenkins-x.io
WARNING: No secrets found on "helm/repos" due: reading the secret "helm/repos" from vault: no secret "helm/repos" not found in vault
Read credentials for http://chartmuseum.jenkins-x.io from vault helm/repos
Successfully added Helm repository chartmuseum.jenkins-x.io.
