
Showing logs for build [32mcb-kubecd-environment-pr-204-14-s5hrf-1[0m stage [32mfrom-build-pack[0m and container [32mstep-credential-initializer-5hjss[0m
{"level":"info","ts":1587116078.9276583,"logger":"fallback-logger","caller":"logging/config.go:69","msg":"Fetch GitHub commit ID from kodata failed: open /var/run/ko/refs/heads/0.8.0-ns-support: no such file or directory"}
{"level":"info","ts":1587116078.929209,"logger":"fallback-logger","caller":"creds-init/main.go:40","msg":"Credentials initialized."}

Showing logs for build [32mcb-kubecd-environment-pr-204-14-s5hrf-1[0m stage [32mfrom-build-pack[0m and container [32mstep-working-dir-initializer-84h7z[0m
{"level":"info","ts":1587116079.7708893,"logger":"fallback-logger","caller":"logging/config.go:69","msg":"Fetch GitHub commit ID from kodata failed: open /var/run/ko/HEAD: no such file or directory"}
{"level":"info","ts":1587116079.7720928,"logger":"fallback-logger","caller":"bash/main.go:64","msg":"Successfully executed command \"sh -c mkdir -p /workspace/source\"; output "}

Showing logs for build [32mcb-kubecd-environment-pr-204-14-s5hrf-1[0m stage [32mfrom-build-pack[0m and container [32mstep-place-tools[0m

Showing logs for build [32mcb-kubecd-environment-pr-204-14-s5hrf-1[0m stage [32mfrom-build-pack[0m and container [32mstep-git-source-cb-kubecd-environment-pr-204-14-s5hrf-88spx[0m
{"level":"info","ts":1587116084.9886386,"logger":"fallback-logger","caller":"logging/config.go:69","msg":"Fetch GitHub commit ID from kodata failed: open /var/run/ko/refs/heads/0.8.0-ns-support: no such file or directory"}
{"level":"info","ts":1587116086.0497375,"logger":"fallback-logger","caller":"git/git.go:103","msg":"Successfully cloned https://github.com/cb-kubecd/environment-pr-204-14-boot-vault-gke-staging.git @ master in path /workspace/source"}

Showing logs for build [32mcb-kubecd-environment-pr-204-14-s5hrf-1[0m stage [32mfrom-build-pack[0m and container [32mstep-git-merge[0m
Using SHAs from PULL_REFS=master:59be971bb346f305b91cd2e8b6fda20521cf4f4e,4:989faadd960287f0e86ddc54f60300a4c171f0aa
DEBUG: LC_ALL=C JX_LOG_LEVEL=error git fetch origin --unshallow 989faadd960287f0e86ddc54f60300a4c171f0aa: 59be971bb346f305b91cd2e8b6fda20521cf4f4e:
DEBUG: ran git fetch --unshallow origin 989faadd960287f0e86ddc54f60300a4c171f0aa: 59be971bb346f305b91cd2e8b6fda20521cf4f4e: in 
DEBUG: LC_ALL=C JX_LOG_LEVEL=error git branch
DEBUG: LC_ALL=C JX_LOG_LEVEL=error git checkout master
DEBUG: ran git checkout master in 
DEBUG: LC_ALL=C JX_LOG_LEVEL=error git reset --hard 59be971bb346f305b91cd2e8b6fda20521cf4f4e
DEBUG: ran git reset --hard 59be971bb346f305b91cd2e8b6fda20521cf4f4e in 
DEBUG: LC_ALL=C JX_LOG_LEVEL=error git clean -fd .
DEBUG: ran clean --force -d . in 
DEBUG: LC_ALL=C JX_LOG_LEVEL=error git merge 989faadd960287f0e86ddc54f60300a4c171f0aa
DEBUG: ran git merge 989faadd960287f0e86ddc54f60300a4c171f0aa in 
DEBUG: LC_ALL=C JX_LOG_LEVEL=error git log --format=%H%x1f%an%x1f%ae%x1f%cn%x1f%ce%x1f%s%n%b%x1e 59be971bb346f305b91cd2e8b6fda20521cf4f4e..HEAD
Merged SHA 989faadd960287f0e86ddc54f60300a4c171f0aa with commit message 'chore: Promote bdd-sbhg-1587113723 to version 0.0.1' into base branch master

Showing logs for build [32mcb-kubecd-environment-pr-204-14-s5hrf-1[0m stage [32mfrom-build-pack[0m and container [32mstep-build-helm-build[0m
WARNING: No $CHART_REPOSITORY defined so using the default value of: http://jenkins-x-chartmuseum:8080
Adding missing Helm repo: storage.googleapis.com https://storage.googleapis.com/chartmuseum.jenkins-x.io
WARNING: No secrets found on "helm/repos" due: reading the secret "helm/repos" from vault: no secret "helm/repos" not found in vault
Read credentials for https://storage.googleapis.com/chartmuseum.jenkins-x.io from vault helm/repos
Successfully added Helm repository storage.googleapis.com.
Adding missing Helm repo: jenkins-x-chartmuseum http://jenkins-x-chartmuseum:8080
WARNING: No secrets found on "helm/repos" due: reading the secret "helm/repos" from vault: no secret "helm/repos" not found in vault
Read credentials for http://jenkins-x-chartmuseum:8080 from vault helm/repos
Successfully added Helm repository jenkins-x-chartmuseum.
WARNING: No $CHART_REPOSITORY defined so using the default value of: http://jenkins-x-chartmuseum:8080
Adding missing Helm repo: chartmuseum.jenkins-x.io http://chartmuseum.jenkins-x.io
WARNING: No secrets found on "helm/repos" due: reading the secret "helm/repos" from vault: no secret "helm/repos" not found in vault
Read credentials for http://chartmuseum.jenkins-x.io from vault helm/repos
Successfully added Helm repository chartmuseum.jenkins-x.io.
